  main.cpp
main.obj : error LNK2019: unresolved external symbol _SDL_GetError referenced in function _SDL_main
main.obj : error LNK2019: unresolved external symbol _SDL_RWFromFile referenced in function _SDL_main
main.obj : error LNK2019: unresolved external symbol _SDL_FreeSurface referenced in function _SDL_main
main.obj : error LNK2019: unresolved external symbol _SDL_LoadBMP_RW referenced in function _SDL_main
main.obj : error LNK2019: unresolved external symbol _SDL_DestroyWindow referenced in function _SDL_main
main.obj : error LNK2019: unresolved external symbol _SDL_PollEvent referenced in function _SDL_main
main.obj : error LNK2019: unresolved external symbol _SDL_LogError referenced in function _SDL_main
main.obj : error LNK2019: unresolved external symbol _SDL_CreateWindowAndRenderer referenced in function _SDL_main
main.obj : error LNK2019: unresolved external symbol _SDL_CreateTextureFromSurface referenced in function _SDL_main
main.obj : error LNK2019: unresolved external symbol _SDL_SetRenderDrawColor referenced in function _SDL_main
main.obj : error LNK2019: unresolved external symbol _SDL_RenderClear referenced in function _SDL_main
main.obj : error LNK2019: unresolved external symbol _SDL_RenderCopy referenced in function _SDL_main
main.obj : error LNK2019: unresolved external symbol _SDL_RenderPresent referenced in function _SDL_main
main.obj : error LNK2019: unresolved external symbol _SDL_DestroyTexture referenced in function _SDL_main
main.obj : error LNK2019: unresolved external symbol _SDL_DestroyRenderer referenced in function _SDL_main
main.obj : error LNK2019: unresolved external symbol _SDL_Init referenced in function _SDL_main
main.obj : error LNK2019: unresolved external symbol _SDL_Quit referenced in function _SDL_main
MSVCRTD.lib(exe_winmain.obj) : error LNK2019: unresolved external symbol _WinMain@16 referenced in function "int __cdecl invoke_main(void)" (?invoke_main@@YAHXZ)
C:\Users\duyc8\git\senior_design\Swarm\swarm\ext\SDL2\lib\win_x64\SDL2.lib : warning LNK4272: library machine type 'x64' conflicts with target machine type 'x86'
C:\Users\duyc8\git\senior_design\Swarm\swarm\ext\SDL2\lib\win_x64\SDL2main.lib : warning LNK4272: library machine type 'x64' conflicts with target machine type 'x86'
C:\Users\duyc8\git\senior_design\Swarm\swarm\Debug\Swarm.exe : fatal error LNK1120: 18 unresolved externals
